Performing C SOURCE FILE Test CMAKE_HAVE_LIBC_PTHREAD failed with the following output:
Change Dir: /home/bochdu/workspace/thread-pool-0/build/CMakeFiles/CMakeTmp

Run Build Command(s):/usr/bin/gmake cmTC_ec43b/fast && gmake[1]: Entering directory '/home/bochdu/workspace/thread-pool-0/build/CMakeFiles/CMakeTmp'
/usr/bin/gmake  -f CMakeFiles/cmTC_ec43b.dir/build.make CMakeFiles/cmTC_ec43b.dir/build
gmake[2]: Entering directory '/home/bochdu/workspace/thread-pool-0/build/CMakeFiles/CMakeTmp'
Building C object CMakeFiles/cmTC_ec43b.dir/src.c.o
/usr/bin/cc   -DCMAKE_HAVE_LIBC_PTHREAD -o CMakeFiles/cmTC_ec43b.dir/src.c.o -c /home/bochdu/workspace/thread-pool-0/build/CMakeFiles/CMakeTmp/src.c
Linking C executable cmTC_ec43b
/usr/bin/cmake -E cmake_link_script CMakeFiles/cmTC_ec43b.dir/link.txt --verbose=1
/usr/bin/cc  -DCMAKE_HAVE_LIBC_PTHREAD -rdynamic CMakeFiles/cmTC_ec43b.dir/src.c.o -o cmTC_ec43b 
/usr/bin/ld: CMakeFiles/cmTC_ec43b.dir/src.c.o: in function `main':
src.c:(.text+0x40): undefined reference to `pthread_create'
/usr/bin/ld: src.c:(.text+0x4c): undefined reference to `pthread_detach'
/usr/bin/ld: src.c:(.text+0x58): undefined reference to `pthread_cancel'
/usr/bin/ld: src.c:(.text+0x68): undefined reference to `pthread_join'
collect2: error: ld returned 1 exit status
gmake[2]: *** [CMakeFiles/cmTC_ec43b.dir/build.make:106: cmTC_ec43b] Error 1
gmake[2]: Leaving directory '/home/bochdu/workspace/thread-pool-0/build/CMakeFiles/CMakeTmp'
gmake[1]: *** [Makefile:140: cmTC_ec43b/fast] Error 2
gmake[1]: Leaving directory '/home/bochdu/workspace/thread-pool-0/build/CMakeFiles/CMakeTmp'


Source file was:
#include <pthread.h>

void* test_func(void* data)
{
  return data;
}

int main(void)
{
  pthread_t thread;
  pthread_create(&thread, NULL, test_func, NULL);
  pthread_detach(thread);
  pthread_cancel(thread);
  pthread_join(thread, NULL);
  pthread_atfork(NULL, NULL, NULL);
  pthread_exit(NULL);

  return 0;
}

Determining if the function pthread_create exists in the pthreads failed with the following output:
Change Dir: /home/bochdu/workspace/thread-pool-0/build/CMakeFiles/CMakeTmp

Run Build Command(s):/usr/bin/gmake cmTC_2d61b/fast && gmake[1]: Entering directory '/home/bochdu/workspace/thread-pool-0/build/CMakeFiles/CMakeTmp'
/usr/bin/gmake  -f CMakeFiles/cmTC_2d61b.dir/build.make CMakeFiles/cmTC_2d61b.dir/build
gmake[2]: Entering directory '/home/bochdu/workspace/thread-pool-0/build/CMakeFiles/CMakeTmp'
Building C object CMakeFiles/cmTC_2d61b.dir/CheckFunctionExists.c.o
/usr/bin/cc   -DCHECK_FUNCTION_EXISTS=pthread_create -o CMakeFiles/cmTC_2d61b.dir/CheckFunctionExists.c.o -c /usr/share/cmake-3.18/Modules/CheckFunctionExists.c
Linking C executable cmTC_2d61b
/usr/bin/cmake -E cmake_link_script CMakeFiles/cmTC_2d61b.dir/link.txt --verbose=1
/usr/bin/cc  -DCHECK_FUNCTION_EXISTS=pthread_create -rdynamic CMakeFiles/cmTC_2d61b.dir/CheckFunctionExists.c.o -o cmTC_2d61b  -lpthreads 
/usr/bin/ld: cannot find -lpthreads
collect2: error: ld returned 1 exit status
gmake[2]: *** [CMakeFiles/cmTC_2d61b.dir/build.make:106: cmTC_2d61b] Error 1
gmake[2]: Leaving directory '/home/bochdu/workspace/thread-pool-0/build/CMakeFiles/CMakeTmp'
gmake[1]: *** [Makefile:140: cmTC_2d61b/fast] Error 2
gmake[1]: Leaving directory '/home/bochdu/workspace/thread-pool-0/build/CMakeFiles/CMakeTmp'



